<?xml version="1.0" encoding="UTF-8"?>
<!-- Generated by org.testng.reporters.JUnitXMLReporter -->
<testsuite hostname="XE-T-DEEPAKS" name="Test" tests="1" failures="1" timestamp="23 Aug 2017 08:25:20 GMT" time="34.572" errors="0">
  <testcase name="verifyUser" time="11.087" classname="test.LoginPageTest">
    <failure type="java.lang.AssertionError" message="Expected: failed">
      <![CDATA[java.lang.AssertionError: Expected: failed
	at test.LoginPageTest.verifyUser(LoginPageTest.java:40)
... Removed 27 stack frames]]>
    </failure>
  </testcase> <!-- verifyUser -->
</testsuite> <!-- Test -->
